# Logfile created on 2015-06-19 12:38:40 +1000 by logger.rb/44203
I, [2015-06-19T12:38:40.606910 #1328]  INFO -- : Allowed commands are ["PLACE", "MOVE", "LEFT", "RIGHT", "REPORT"]
D, [2015-06-19T12:38:40.606910 #1328] DEBUG -- : Received command PLACE 2 3 NORTH

D, [2015-06-19T12:38:40.606910 #1328] DEBUG -- : Parsing command PLACE 2 3 NORTH

D, [2015-06-19T12:38:40.606910 #1328] DEBUG -- : place - args [2, 3, "NORTH"]
D, [2015-06-19T12:38:40.606910 #1328] DEBUG -- : Placed at 
D, [2015-06-19T12:38:40.606910 #1328] DEBUG -- : Received command MOVE

D, [2015-06-19T12:38:40.606910 #1328] DEBUG -- : Parsing command MOVE

D, [2015-06-19T12:38:40.606910 #1328] DEBUG -- : move - args []
D, [2015-06-19T12:38:40.606910 #1328] DEBUG -- : Placed at 
D, [2015-06-19T12:38:40.606910 #1328] DEBUG -- : Received command MOVE

D, [2015-06-19T12:38:40.606910 #1328] DEBUG -- : Parsing command MOVE

D, [2015-06-19T12:38:40.606910 #1328] DEBUG -- : move - args []
D, [2015-06-19T12:38:40.606910 #1328] DEBUG -- : Ignored step towards NORTH
D, [2015-06-19T12:38:40.606910 #1328] DEBUG -- : Placed at 
D, [2015-06-19T12:38:40.606910 #1328] DEBUG -- : Received command RIGHT

D, [2015-06-19T12:38:40.606910 #1328] DEBUG -- : Parsing command RIGHT

D, [2015-06-19T12:38:40.606910 #1328] DEBUG -- : right - args []
D, [2015-06-19T12:38:40.606910 #1328] DEBUG -- : Placed at 
D, [2015-06-19T12:38:40.606910 #1328] DEBUG -- : Received command MOVE

D, [2015-06-19T12:38:40.622510 #1328] DEBUG -- : Parsing command MOVE

D, [2015-06-19T12:38:40.622510 #1328] DEBUG -- : move - args []
D, [2015-06-19T12:38:40.622510 #1328] DEBUG -- : Placed at 
D, [2015-06-19T12:38:40.622510 #1328] DEBUG -- : Received command MOVE

D, [2015-06-19T12:38:40.622510 #1328] DEBUG -- : Parsing command MOVE

D, [2015-06-19T12:38:40.622510 #1328] DEBUG -- : move - args []
D, [2015-06-19T12:38:40.622510 #1328] DEBUG -- : Placed at 
D, [2015-06-19T12:38:40.622510 #1328] DEBUG -- : Received command MOVE

D, [2015-06-19T12:38:40.622510 #1328] DEBUG -- : Parsing command MOVE

D, [2015-06-19T12:38:40.622510 #1328] DEBUG -- : move - args []
D, [2015-06-19T12:38:40.622510 #1328] DEBUG -- : Ignored step towards EAST
D, [2015-06-19T12:38:40.622510 #1328] DEBUG -- : Placed at 
D, [2015-06-19T12:38:40.622510 #1328] DEBUG -- : Received command LEFT

D, [2015-06-19T12:38:40.622510 #1328] DEBUG -- : Parsing command LEFT

D, [2015-06-19T12:38:40.622510 #1328] DEBUG -- : left - args []
D, [2015-06-19T12:38:40.622510 #1328] DEBUG -- : Placed at 
D, [2015-06-19T12:38:40.622510 #1328] DEBUG -- : Received command LEFT

D, [2015-06-19T12:38:40.622510 #1328] DEBUG -- : Parsing command LEFT

D, [2015-06-19T12:38:40.622510 #1328] DEBUG -- : left - args []
D, [2015-06-19T12:38:40.622510 #1328] DEBUG -- : Placed at 
D, [2015-06-19T12:38:40.622510 #1328] DEBUG -- : Received command MOVE

D, [2015-06-19T12:38:40.622510 #1328] DEBUG -- : Parsing command MOVE

D, [2015-06-19T12:38:40.622510 #1328] DEBUG -- : move - args []
D, [2015-06-19T12:38:40.622510 #1328] DEBUG -- : Placed at 
D, [2015-06-19T12:38:40.622510 #1328] DEBUG -- : Received command MOVE

D, [2015-06-19T12:38:40.622510 #1328] DEBUG -- : Parsing command MOVE

D, [2015-06-19T12:38:40.622510 #1328] DEBUG -- : move - args []
D, [2015-06-19T12:38:40.622510 #1328] DEBUG -- : Placed at 
D, [2015-06-19T12:38:40.622510 #1328] DEBUG -- : Received command RIGHT

D, [2015-06-19T12:38:40.622510 #1328] DEBUG -- : Parsing command RIGHT

D, [2015-06-19T12:38:40.622510 #1328] DEBUG -- : right - args []
D, [2015-06-19T12:38:40.622510 #1328] DEBUG -- : Placed at 
D, [2015-06-19T12:38:40.622510 #1328] DEBUG -- : Received command MOVE

D, [2015-06-19T12:38:40.622510 #1328] DEBUG -- : Parsing command MOVE

D, [2015-06-19T12:38:40.622510 #1328] DEBUG -- : move - args []
D, [2015-06-19T12:38:40.622510 #1328] DEBUG -- : Ignored step towards NORTH
D, [2015-06-19T12:38:40.622510 #1328] DEBUG -- : Placed at 
D, [2015-06-19T12:38:40.622510 #1328] DEBUG -- : Received command RIGHT

D, [2015-06-19T12:38:40.622510 #1328] DEBUG -- : Parsing command RIGHT

D, [2015-06-19T12:38:40.622510 #1328] DEBUG -- : right - args []
D, [2015-06-19T12:38:40.622510 #1328] DEBUG -- : Placed at 
D, [2015-06-19T12:38:40.622510 #1328] DEBUG -- : Received command MOVE

D, [2015-06-19T12:38:40.622510 #1328] DEBUG -- : Parsing command MOVE

D, [2015-06-19T12:38:40.622510 #1328] DEBUG -- : move - args []
D, [2015-06-19T12:38:40.622510 #1328] DEBUG -- : Placed at 
D, [2015-06-19T12:38:40.622510 #1328] DEBUG -- : Received command LEFT

D, [2015-06-19T12:38:40.622510 #1328] DEBUG -- : Parsing command LEFT

D, [2015-06-19T12:38:40.622510 #1328] DEBUG -- : left - args []
D, [2015-06-19T12:38:40.622510 #1328] DEBUG -- : Placed at 
D, [2015-06-19T12:38:40.622510 #1328] DEBUG -- : Received command MOVE

D, [2015-06-19T12:38:40.622510 #1328] DEBUG -- : Parsing command MOVE

D, [2015-06-19T12:38:40.622510 #1328] DEBUG -- : move - args []
D, [2015-06-19T12:38:40.622510 #1328] DEBUG -- : Ignored step towards NORTH
D, [2015-06-19T12:38:40.622510 #1328] DEBUG -- : Placed at 
D, [2015-06-19T12:38:40.622510 #1328] DEBUG -- : Received command MOVE

D, [2015-06-19T12:38:40.622510 #1328] DEBUG -- : Parsing command MOVE

D, [2015-06-19T12:38:40.622510 #1328] DEBUG -- : move - args []
D, [2015-06-19T12:38:40.622510 #1328] DEBUG -- : Ignored step towards NORTH
D, [2015-06-19T12:38:40.622510 #1328] DEBUG -- : Placed at 
D, [2015-06-19T12:38:40.622510 #1328] DEBUG -- : Received command MOVE

D, [2015-06-19T12:38:40.622510 #1328] DEBUG -- : Parsing command MOVE

D, [2015-06-19T12:38:40.622510 #1328] DEBUG -- : move - args []
D, [2015-06-19T12:38:40.622510 #1328] DEBUG -- : Ignored step towards NORTH
D, [2015-06-19T12:38:40.622510 #1328] DEBUG -- : Placed at 
D, [2015-06-19T12:38:40.622510 #1328] DEBUG -- : Received command RIGHT

D, [2015-06-19T12:38:40.622510 #1328] DEBUG -- : Parsing command RIGHT

D, [2015-06-19T12:38:40.622510 #1328] DEBUG -- : right - args []
D, [2015-06-19T12:38:40.622510 #1328] DEBUG -- : Placed at 
D, [2015-06-19T12:38:40.622510 #1328] DEBUG -- : Received command RIGHT

D, [2015-06-19T12:38:40.622510 #1328] DEBUG -- : Parsing command RIGHT

D, [2015-06-19T12:38:40.622510 #1328] DEBUG -- : right - args []
D, [2015-06-19T12:38:40.622510 #1328] DEBUG -- : Placed at 
D, [2015-06-19T12:38:40.622510 #1328] DEBUG -- : Received command REPORT
D, [2015-06-19T12:38:40.622510 #1328] DEBUG -- : Parsing command REPORT
D, [2015-06-19T12:38:40.622510 #1328] DEBUG -- : report - args []
D, [2015-06-19T12:38:40.622510 #1328] DEBUG -- : Placed at 
I, [2015-06-19T12:44:24.736110 #8164]  INFO -- : Allowed commands are ["PLACE", "MOVE", "LEFT", "RIGHT", "REPORT"]
D, [2015-06-19T12:44:24.736110 #8164] DEBUG -- : Received command PLACE 2 3 NORTH

D, [2015-06-19T12:44:24.736110 #8164] DEBUG -- : Parsing command PLACE 2 3 NORTH

D, [2015-06-19T12:44:24.736110 #8164] DEBUG -- : place - args [2, 3, "NORTH"]
D, [2015-06-19T12:44:24.736110 #8164] DEBUG -- : Placed at X= 2 Y=3 Facing=NORTH
D, [2015-06-19T12:44:24.736110 #8164] DEBUG -- : Received command MOVE

D, [2015-06-19T12:44:24.736110 #8164] DEBUG -- : Parsing command MOVE

D, [2015-06-19T12:44:24.736110 #8164] DEBUG -- : move - args []
D, [2015-06-19T12:44:24.736110 #8164] DEBUG -- : Placed at X= 2 Y=4 Facing=NORTH
D, [2015-06-19T12:44:24.736110 #8164] DEBUG -- : Received command MOVE

D, [2015-06-19T12:44:24.736110 #8164] DEBUG -- : Parsing command MOVE

D, [2015-06-19T12:44:24.736110 #8164] DEBUG -- : move - args []
D, [2015-06-19T12:44:24.736110 #8164] DEBUG -- : Ignored step towards NORTH
D, [2015-06-19T12:44:24.736110 #8164] DEBUG -- : Placed at X= 2 Y=4 Facing=NORTH
D, [2015-06-19T12:44:24.736110 #8164] DEBUG -- : Received command RIGHT

D, [2015-06-19T12:44:24.736110 #8164] DEBUG -- : Parsing command RIGHT

D, [2015-06-19T12:44:24.736110 #8164] DEBUG -- : right - args []
D, [2015-06-19T12:44:24.736110 #8164] DEBUG -- : Placed at X= 2 Y=4 Facing=EAST
D, [2015-06-19T12:44:24.736110 #8164] DEBUG -- : Received command MOVE

D, [2015-06-19T12:44:24.736110 #8164] DEBUG -- : Parsing command MOVE

D, [2015-06-19T12:44:24.736110 #8164] DEBUG -- : move - args []
D, [2015-06-19T12:44:24.736110 #8164] DEBUG -- : Placed at X= 3 Y=4 Facing=EAST
D, [2015-06-19T12:44:24.736110 #8164] DEBUG -- : Received command MOVE

D, [2015-06-19T12:44:24.736110 #8164] DEBUG -- : Parsing command MOVE

D, [2015-06-19T12:44:24.736110 #8164] DEBUG -- : move - args []
D, [2015-06-19T12:44:24.736110 #8164] DEBUG -- : Placed at X= 4 Y=4 Facing=EAST
D, [2015-06-19T12:44:24.736110 #8164] DEBUG -- : Received command MOVE

D, [2015-06-19T12:44:24.736110 #8164] DEBUG -- : Parsing command MOVE

D, [2015-06-19T12:44:24.736110 #8164] DEBUG -- : move - args []
D, [2015-06-19T12:44:24.736110 #8164] DEBUG -- : Ignored step towards EAST
D, [2015-06-19T12:44:24.736110 #8164] DEBUG -- : Placed at X= 4 Y=4 Facing=EAST
D, [2015-06-19T12:44:24.736110 #8164] DEBUG -- : Received command LEFT

D, [2015-06-19T12:44:24.736110 #8164] DEBUG -- : Parsing command LEFT

D, [2015-06-19T12:44:24.736110 #8164] DEBUG -- : left - args []
D, [2015-06-19T12:44:24.736110 #8164] DEBUG -- : Placed at X= 4 Y=4 Facing=NORTH
D, [2015-06-19T12:44:24.736110 #8164] DEBUG -- : Received command LEFT

D, [2015-06-19T12:44:24.736110 #8164] DEBUG -- : Parsing command LEFT

D, [2015-06-19T12:44:24.736110 #8164] DEBUG -- : left - args []
D, [2015-06-19T12:44:24.736110 #8164] DEBUG -- : Placed at X= 4 Y=4 Facing=WEST
D, [2015-06-19T12:44:24.736110 #8164] DEBUG -- : Received command MOVE

D, [2015-06-19T12:44:24.736110 #8164] DEBUG -- : Parsing command MOVE

D, [2015-06-19T12:44:24.736110 #8164] DEBUG -- : move - args []
D, [2015-06-19T12:44:24.736110 #8164] DEBUG -- : Placed at X= 3 Y=4 Facing=WEST
D, [2015-06-19T12:44:24.736110 #8164] DEBUG -- : Received command MOVE

D, [2015-06-19T12:44:24.736110 #8164] DEBUG -- : Parsing command MOVE

D, [2015-06-19T12:44:24.736110 #8164] DEBUG -- : move - args []
D, [2015-06-19T12:44:24.736110 #8164] DEBUG -- : Placed at X= 2 Y=4 Facing=WEST
D, [2015-06-19T12:44:24.736110 #8164] DEBUG -- : Received command RIGHT

D, [2015-06-19T12:44:24.736110 #8164] DEBUG -- : Parsing command RIGHT

D, [2015-06-19T12:44:24.736110 #8164] DEBUG -- : right - args []
D, [2015-06-19T12:44:24.736110 #8164] DEBUG -- : Placed at X= 2 Y=4 Facing=NORTH
D, [2015-06-19T12:44:24.736110 #8164] DEBUG -- : Received command MOVE

D, [2015-06-19T12:44:24.736110 #8164] DEBUG -- : Parsing command MOVE

D, [2015-06-19T12:44:24.736110 #8164] DEBUG -- : move - args []
D, [2015-06-19T12:44:24.736110 #8164] DEBUG -- : Ignored step towards NORTH
D, [2015-06-19T12:44:24.736110 #8164] DEBUG -- : Placed at X= 2 Y=4 Facing=NORTH
D, [2015-06-19T12:44:24.736110 #8164] DEBUG -- : Received command RIGHT

D, [2015-06-19T12:44:24.736110 #8164] DEBUG -- : Parsing command RIGHT

D, [2015-06-19T12:44:24.736110 #8164] DEBUG -- : right - args []
D, [2015-06-19T12:44:24.736110 #8164] DEBUG -- : Placed at X= 2 Y=4 Facing=EAST
D, [2015-06-19T12:44:24.736110 #8164] DEBUG -- : Received command MOVE

D, [2015-06-19T12:44:24.736110 #8164] DEBUG -- : Parsing command MOVE

D, [2015-06-19T12:44:24.736110 #8164] DEBUG -- : move - args []
D, [2015-06-19T12:44:24.736110 #8164] DEBUG -- : Placed at X= 3 Y=4 Facing=EAST
D, [2015-06-19T12:44:24.736110 #8164] DEBUG -- : Received command LEFT

D, [2015-06-19T12:44:24.736110 #8164] DEBUG -- : Parsing command LEFT

D, [2015-06-19T12:44:24.736110 #8164] DEBUG -- : left - args []
D, [2015-06-19T12:44:24.736110 #8164] DEBUG -- : Placed at X= 3 Y=4 Facing=NORTH
D, [2015-06-19T12:44:24.736110 #8164] DEBUG -- : Received command MOVE

D, [2015-06-19T12:44:24.736110 #8164] DEBUG -- : Parsing command MOVE

D, [2015-06-19T12:44:24.736110 #8164] DEBUG -- : move - args []
D, [2015-06-19T12:44:24.736110 #8164] DEBUG -- : Ignored step towards NORTH
D, [2015-06-19T12:44:24.736110 #8164] DEBUG -- : Placed at X= 3 Y=4 Facing=NORTH
D, [2015-06-19T12:44:24.736110 #8164] DEBUG -- : Received command MOVE

D, [2015-06-19T12:44:24.736110 #8164] DEBUG -- : Parsing command MOVE

D, [2015-06-19T12:44:24.736110 #8164] DEBUG -- : move - args []
D, [2015-06-19T12:44:24.736110 #8164] DEBUG -- : Ignored step towards NORTH
D, [2015-06-19T12:44:24.736110 #8164] DEBUG -- : Placed at X= 3 Y=4 Facing=NORTH
D, [2015-06-19T12:44:24.736110 #8164] DEBUG -- : Received command MOVE

D, [2015-06-19T12:44:24.736110 #8164] DEBUG -- : Parsing command MOVE

D, [2015-06-19T12:44:24.736110 #8164] DEBUG -- : move - args []
D, [2015-06-19T12:44:24.736110 #8164] DEBUG -- : Ignored step towards NORTH
D, [2015-06-19T12:44:24.736110 #8164] DEBUG -- : Placed at X= 3 Y=4 Facing=NORTH
D, [2015-06-19T12:44:24.736110 #8164] DEBUG -- : Received command RIGHT

D, [2015-06-19T12:44:24.736110 #8164] DEBUG -- : Parsing command RIGHT

D, [2015-06-19T12:44:24.736110 #8164] DEBUG -- : right - args []
D, [2015-06-19T12:44:24.736110 #8164] DEBUG -- : Placed at X= 3 Y=4 Facing=EAST
D, [2015-06-19T12:44:24.736110 #8164] DEBUG -- : Received command RIGHT

D, [2015-06-19T12:44:24.736110 #8164] DEBUG -- : Parsing command RIGHT

D, [2015-06-19T12:44:24.736110 #8164] DEBUG -- : right - args []
D, [2015-06-19T12:44:24.736110 #8164] DEBUG -- : Placed at X= 3 Y=4 Facing=SOUTH
D, [2015-06-19T12:44:24.736110 #8164] DEBUG -- : Received command REPORT
D, [2015-06-19T12:44:24.736110 #8164] DEBUG -- : Parsing command REPORT
D, [2015-06-19T12:44:24.736110 #8164] DEBUG -- : report - args []
D, [2015-06-19T12:44:24.736110 #8164] DEBUG -- : Placed at X= 3 Y=4 Facing=SOUTH
I, [2015-06-19T12:44:53.776710 #9060]  INFO -- : Allowed commands are ["Salute", "Name", "Age"]
D, [2015-06-19T12:44:53.776710 #9060] DEBUG -- : Parsing command Salute Hello
I, [2015-06-19T12:44:53.776710 #9060]  INFO -- : Allowed commands are ["Salute", "Name", "Age"]
D, [2015-06-19T12:44:53.776710 #9060] DEBUG -- : Parsing command Salute Hello
I, [2015-06-19T12:44:53.776710 #9060]  INFO -- : Allowed commands are ["Salute", "Name", "Age"]
D, [2015-06-19T12:44:53.776710 #9060] DEBUG -- : Parsing command Salute Hello
I, [2015-06-19T12:44:53.776710 #9060]  INFO -- : Allowed commands are ["Salute", "Name", "Age"]
D, [2015-06-19T12:44:53.776710 #9060] DEBUG -- : Parsing command Salute Hello
I, [2015-06-19T12:44:53.776710 #9060]  INFO -- : Allowed commands are ["Salute", "Name", "Age"]
D, [2015-06-19T12:44:53.776710 #9060] DEBUG -- : Parsing command Salute Hello
I, [2015-06-19T12:44:53.792310 #9060]  INFO -- : Allowed commands are ["Salute", "Name", "Age"]
D, [2015-06-19T12:44:53.792310 #9060] DEBUG -- : Parsing command Name Tom
I, [2015-06-19T12:44:53.792310 #9060]  INFO -- : Allowed commands are ["Salute", "Name", "Age"]
D, [2015-06-19T12:44:53.792310 #9060] DEBUG -- : Parsing command Name Tom
I, [2015-06-19T12:44:53.792310 #9060]  INFO -- : Allowed commands are ["Salute", "Name", "Age"]
D, [2015-06-19T12:44:53.792310 #9060] DEBUG -- : Parsing command Name Tom
I, [2015-06-19T12:44:53.792310 #9060]  INFO -- : Allowed commands are ["Salute", "Name", "Age"]
D, [2015-06-19T12:44:53.792310 #9060] DEBUG -- : Parsing command Name Tom
I, [2015-06-19T12:44:53.792310 #9060]  INFO -- : Allowed commands are ["Salute", "Name", "Age"]
D, [2015-06-19T12:44:53.792310 #9060] DEBUG -- : Parsing command Name Tom
I, [2015-06-19T12:44:53.792310 #9060]  INFO -- : Allowed commands are ["Salute", "Name", "Age"]
D, [2015-06-19T12:44:53.792310 #9060] DEBUG -- : Parsing command Age 50
I, [2015-06-19T12:44:53.792310 #9060]  INFO -- : Allowed commands are ["Salute", "Name", "Age"]
D, [2015-06-19T12:44:53.792310 #9060] DEBUG -- : Parsing command Age 50
I, [2015-06-19T12:44:53.792310 #9060]  INFO -- : Allowed commands are ["Salute", "Name", "Age"]
D, [2015-06-19T12:44:53.792310 #9060] DEBUG -- : Parsing command Age 50
I, [2015-06-19T12:44:53.792310 #9060]  INFO -- : Allowed commands are ["Salute", "Name", "Age"]
D, [2015-06-19T12:44:53.792310 #9060] DEBUG -- : Parsing command Age 50
I, [2015-06-19T12:44:53.792310 #9060]  INFO -- : Allowed commands are ["Salute", "Name", "Age"]
D, [2015-06-19T12:44:53.792310 #9060] DEBUG -- : Parsing command Age 50
I, [2015-06-19T12:44:53.792310 #9060]  INFO -- : Allowed commands are ["Salute", "Name", "Age"]
D, [2015-06-19T12:44:53.792310 #9060] DEBUG -- : Parsing command Salute Hi
W, [2015-06-19T12:44:53.792310 #9060]  WARN -- : Parsing failed. Invalid Salute Hi
I, [2015-06-19T12:44:53.792310 #9060]  INFO -- : Allowed commands are ["Salute", "Name", "Age"]
D, [2015-06-19T12:44:53.792310 #9060] DEBUG -- : Parsing command Salute Hi
W, [2015-06-19T12:44:53.792310 #9060]  WARN -- : Parsing failed. Invalid Salute Hi
I, [2015-06-19T12:44:53.792310 #9060]  INFO -- : Allowed commands are ["PLACE", "MOVE", "LEFT", "RIGHT", "REPORT"]
I, [2015-06-19T12:44:53.792310 #9060]  INFO -- : Allowed commands are ["PLACE", "MOVE", "LEFT", "RIGHT", "REPORT"]
I, [2015-06-19T12:44:53.792310 #9060]  INFO -- : Allowed commands are ["PLACE", "MOVE", "LEFT", "RIGHT", "REPORT"]
D, [2015-06-19T12:44:53.792310 #9060] DEBUG -- : Ignored step towards NORTH
I, [2015-06-19T12:44:53.792310 #9060]  INFO -- : Allowed commands are ["PLACE", "MOVE", "LEFT", "RIGHT", "REPORT"]
I, [2015-06-19T12:44:53.792310 #9060]  INFO -- : Allowed commands are ["PLACE", "MOVE", "LEFT", "RIGHT", "REPORT"]
I, [2015-06-19T12:44:53.792310 #9060]  INFO -- : Allowed commands are ["PLACE", "MOVE", "LEFT", "RIGHT", "REPORT"]
I, [2015-06-19T12:44:53.792310 #9060]  INFO -- : Allowed commands are ["PLACE", "MOVE", "LEFT", "RIGHT", "REPORT"]
I, [2015-06-19T12:44:53.792310 #9060]  INFO -- : Allowed commands are ["PLACE", "MOVE", "LEFT", "RIGHT", "REPORT"]
I, [2015-06-19T12:44:53.792310 #9060]  INFO -- : Allowed commands are ["PLACE", "MOVE", "LEFT", "RIGHT", "REPORT"]
I, [2015-06-19T12:44:53.792310 #9060]  INFO -- : Allowed commands are ["PLACE", "MOVE", "LEFT", "RIGHT", "REPORT"]
I, [2015-06-19T12:44:53.792310 #9060]  INFO -- : Allowed commands are ["PLACE", "MOVE", "LEFT", "RIGHT", "REPORT"]
I, [2015-06-19T13:04:58.243710 #9024]  INFO -- : Allowed commands are ["PLACE", "MOVE", "LEFT", "RIGHT", "REPORT"]
I, [2015-06-19T13:04:58.243710 #9024]  INFO -- : Table boundaries are 5,5
I, [2015-06-19T13:04:58.243710 #9024]  INFO -- : Toy Robot created successfully.
I, [2015-06-19T13:04:58.243710 #9024]  INFO -- : Simulator created successfully.
D, [2015-06-19T13:04:58.243710 #9024] DEBUG -- : Received command PLACE 2 3 NORTH

D, [2015-06-19T13:04:58.243710 #9024] DEBUG -- : Parsing command PLACE 2 3 NORTH

D, [2015-06-19T13:04:58.243710 #9024] DEBUG -- : place - args [2, 3, "NORTH"]
D, [2015-06-19T13:04:58.243710 #9024] DEBUG -- : Placed at X= 2 Y=3 Facing=NORTH
D, [2015-06-19T13:04:58.243710 #9024] DEBUG -- : Received command MOVE

D, [2015-06-19T13:04:58.243710 #9024] DEBUG -- : Parsing command MOVE

D, [2015-06-19T13:04:58.243710 #9024] DEBUG -- : move - args []
D, [2015-06-19T13:04:58.243710 #9024] DEBUG -- : Placed at X= 2 Y=4 Facing=NORTH
D, [2015-06-19T13:04:58.243710 #9024] DEBUG -- : Received command MOVE

D, [2015-06-19T13:04:58.243710 #9024] DEBUG -- : Parsing command MOVE

D, [2015-06-19T13:04:58.243710 #9024] DEBUG -- : move - args []
D, [2015-06-19T13:04:58.243710 #9024] DEBUG -- : Ignored step towards NORTH
D, [2015-06-19T13:04:58.243710 #9024] DEBUG -- : Placed at X= 2 Y=4 Facing=NORTH
D, [2015-06-19T13:04:58.243710 #9024] DEBUG -- : Received command RIGHT

D, [2015-06-19T13:04:58.243710 #9024] DEBUG -- : Parsing command RIGHT

D, [2015-06-19T13:04:58.243710 #9024] DEBUG -- : right - args []
D, [2015-06-19T13:04:58.243710 #9024] DEBUG -- : Placed at X= 2 Y=4 Facing=EAST
D, [2015-06-19T13:04:58.243710 #9024] DEBUG -- : Received command MOVE

D, [2015-06-19T13:04:58.243710 #9024] DEBUG -- : Parsing command MOVE

D, [2015-06-19T13:04:58.243710 #9024] DEBUG -- : move - args []
D, [2015-06-19T13:04:58.243710 #9024] DEBUG -- : Placed at X= 3 Y=4 Facing=EAST
D, [2015-06-19T13:04:58.243710 #9024] DEBUG -- : Received command MOVE

D, [2015-06-19T13:04:58.243710 #9024] DEBUG -- : Parsing command MOVE

D, [2015-06-19T13:04:58.243710 #9024] DEBUG -- : move - args []
D, [2015-06-19T13:04:58.243710 #9024] DEBUG -- : Placed at X= 4 Y=4 Facing=EAST
D, [2015-06-19T13:04:58.243710 #9024] DEBUG -- : Received command MOVE

D, [2015-06-19T13:04:58.243710 #9024] DEBUG -- : Parsing command MOVE

D, [2015-06-19T13:04:58.243710 #9024] DEBUG -- : move - args []
D, [2015-06-19T13:04:58.243710 #9024] DEBUG -- : Ignored step towards EAST
D, [2015-06-19T13:04:58.243710 #9024] DEBUG -- : Placed at X= 4 Y=4 Facing=EAST
D, [2015-06-19T13:04:58.243710 #9024] DEBUG -- : Received command LEFT

D, [2015-06-19T13:04:58.243710 #9024] DEBUG -- : Parsing command LEFT

D, [2015-06-19T13:04:58.243710 #9024] DEBUG -- : left - args []
D, [2015-06-19T13:04:58.243710 #9024] DEBUG -- : Placed at X= 4 Y=4 Facing=NORTH
D, [2015-06-19T13:04:58.243710 #9024] DEBUG -- : Received command LEFT

D, [2015-06-19T13:04:58.243710 #9024] DEBUG -- : Parsing command LEFT

D, [2015-06-19T13:04:58.243710 #9024] DEBUG -- : left - args []
D, [2015-06-19T13:04:58.243710 #9024] DEBUG -- : Placed at X= 4 Y=4 Facing=WEST
D, [2015-06-19T13:04:58.243710 #9024] DEBUG -- : Received command MOVE

D, [2015-06-19T13:04:58.243710 #9024] DEBUG -- : Parsing command MOVE

D, [2015-06-19T13:04:58.243710 #9024] DEBUG -- : move - args []
D, [2015-06-19T13:04:58.243710 #9024] DEBUG -- : Placed at X= 3 Y=4 Facing=WEST
D, [2015-06-19T13:04:58.243710 #9024] DEBUG -- : Received command MOVE

D, [2015-06-19T13:04:58.243710 #9024] DEBUG -- : Parsing command MOVE

D, [2015-06-19T13:04:58.243710 #9024] DEBUG -- : move - args []
D, [2015-06-19T13:04:58.243710 #9024] DEBUG -- : Placed at X= 2 Y=4 Facing=WEST
D, [2015-06-19T13:04:58.243710 #9024] DEBUG -- : Received command RIGHT

D, [2015-06-19T13:04:58.243710 #9024] DEBUG -- : Parsing command RIGHT

D, [2015-06-19T13:04:58.243710 #9024] DEBUG -- : right - args []
D, [2015-06-19T13:04:58.243710 #9024] DEBUG -- : Placed at X= 2 Y=4 Facing=NORTH
D, [2015-06-19T13:04:58.243710 #9024] DEBUG -- : Received command MOVE

D, [2015-06-19T13:04:58.243710 #9024] DEBUG -- : Parsing command MOVE

D, [2015-06-19T13:04:58.243710 #9024] DEBUG -- : move - args []
D, [2015-06-19T13:04:58.243710 #9024] DEBUG -- : Ignored step towards NORTH
D, [2015-06-19T13:04:58.243710 #9024] DEBUG -- : Placed at X= 2 Y=4 Facing=NORTH
D, [2015-06-19T13:04:58.243710 #9024] DEBUG -- : Received command RIGHT

D, [2015-06-19T13:04:58.243710 #9024] DEBUG -- : Parsing command RIGHT

D, [2015-06-19T13:04:58.243710 #9024] DEBUG -- : right - args []
D, [2015-06-19T13:04:58.243710 #9024] DEBUG -- : Placed at X= 2 Y=4 Facing=EAST
D, [2015-06-19T13:04:58.243710 #9024] DEBUG -- : Received command MOVE

D, [2015-06-19T13:04:58.243710 #9024] DEBUG -- : Parsing command MOVE

D, [2015-06-19T13:04:58.243710 #9024] DEBUG -- : move - args []
D, [2015-06-19T13:04:58.243710 #9024] DEBUG -- : Placed at X= 3 Y=4 Facing=EAST
D, [2015-06-19T13:04:58.243710 #9024] DEBUG -- : Received command LEFT

D, [2015-06-19T13:04:58.243710 #9024] DEBUG -- : Parsing command LEFT

D, [2015-06-19T13:04:58.243710 #9024] DEBUG -- : left - args []
D, [2015-06-19T13:04:58.243710 #9024] DEBUG -- : Placed at X= 3 Y=4 Facing=NORTH
D, [2015-06-19T13:04:58.243710 #9024] DEBUG -- : Received command MOVE

D, [2015-06-19T13:04:58.243710 #9024] DEBUG -- : Parsing command MOVE

D, [2015-06-19T13:04:58.243710 #9024] DEBUG -- : move - args []
D, [2015-06-19T13:04:58.243710 #9024] DEBUG -- : Ignored step towards NORTH
D, [2015-06-19T13:04:58.243710 #9024] DEBUG -- : Placed at X= 3 Y=4 Facing=NORTH
D, [2015-06-19T13:04:58.243710 #9024] DEBUG -- : Received command MOVE

D, [2015-06-19T13:04:58.243710 #9024] DEBUG -- : Parsing command MOVE

D, [2015-06-19T13:04:58.243710 #9024] DEBUG -- : move - args []
D, [2015-06-19T13:04:58.243710 #9024] DEBUG -- : Ignored step towards NORTH
D, [2015-06-19T13:04:58.243710 #9024] DEBUG -- : Placed at X= 3 Y=4 Facing=NORTH
D, [2015-06-19T13:04:58.243710 #9024] DEBUG -- : Received command MOVE

D, [2015-06-19T13:04:58.243710 #9024] DEBUG -- : Parsing command MOVE

D, [2015-06-19T13:04:58.243710 #9024] DEBUG -- : move - args []
D, [2015-06-19T13:04:58.243710 #9024] DEBUG -- : Ignored step towards NORTH
D, [2015-06-19T13:04:58.259310 #9024] DEBUG -- : Placed at X= 3 Y=4 Facing=NORTH
D, [2015-06-19T13:04:58.259310 #9024] DEBUG -- : Received command RIGHT

D, [2015-06-19T13:04:58.259310 #9024] DEBUG -- : Parsing command RIGHT

D, [2015-06-19T13:04:58.259310 #9024] DEBUG -- : right - args []
D, [2015-06-19T13:04:58.259310 #9024] DEBUG -- : Placed at X= 3 Y=4 Facing=EAST
D, [2015-06-19T13:04:58.259310 #9024] DEBUG -- : Received command RIGHT

D, [2015-06-19T13:04:58.259310 #9024] DEBUG -- : Parsing command RIGHT

D, [2015-06-19T13:04:58.259310 #9024] DEBUG -- : right - args []
D, [2015-06-19T13:04:58.259310 #9024] DEBUG -- : Placed at X= 3 Y=4 Facing=SOUTH
D, [2015-06-19T13:04:58.259310 #9024] DEBUG -- : Received command REPORT
D, [2015-06-19T13:04:58.259310 #9024] DEBUG -- : Parsing command REPORT
D, [2015-06-19T13:04:58.259310 #9024] DEBUG -- : report - args []
D, [2015-06-19T13:04:58.259310 #9024] DEBUG -- : Placed at X= 3 Y=4 Facing=SOUTH
I, [2015-06-19T13:05:58.433310 #1328]  INFO -- : Allowed commands are ["Salute", "Name", "Age"]
D, [2015-06-19T13:05:58.433310 #1328] DEBUG -- : Parsing command Salute Hello
I, [2015-06-19T13:05:58.433310 #1328]  INFO -- : Allowed commands are ["Salute", "Name", "Age"]
D, [2015-06-19T13:05:58.433310 #1328] DEBUG -- : Parsing command Salute Hello
I, [2015-06-19T13:05:58.433310 #1328]  INFO -- : Allowed commands are ["Salute", "Name", "Age"]
D, [2015-06-19T13:05:58.433310 #1328] DEBUG -- : Parsing command Salute Hello
I, [2015-06-19T13:05:58.433310 #1328]  INFO -- : Allowed commands are ["Salute", "Name", "Age"]
D, [2015-06-19T13:05:58.433310 #1328] DEBUG -- : Parsing command Salute Hello
I, [2015-06-19T13:05:58.433310 #1328]  INFO -- : Allowed commands are ["Salute", "Name", "Age"]
D, [2015-06-19T13:05:58.433310 #1328] DEBUG -- : Parsing command Salute Hello
I, [2015-06-19T13:05:58.433310 #1328]  INFO -- : Allowed commands are ["Salute", "Name", "Age"]
D, [2015-06-19T13:05:58.433310 #1328] DEBUG -- : Parsing command Name Tom
I, [2015-06-19T13:05:58.433310 #1328]  INFO -- : Allowed commands are ["Salute", "Name", "Age"]
D, [2015-06-19T13:05:58.433310 #1328] DEBUG -- : Parsing command Name Tom
I, [2015-06-19T13:05:58.433310 #1328]  INFO -- : Allowed commands are ["Salute", "Name", "Age"]
D, [2015-06-19T13:05:58.433310 #1328] DEBUG -- : Parsing command Name Tom
I, [2015-06-19T13:05:58.433310 #1328]  INFO -- : Allowed commands are ["Salute", "Name", "Age"]
D, [2015-06-19T13:05:58.433310 #1328] DEBUG -- : Parsing command Name Tom
I, [2015-06-19T13:05:58.433310 #1328]  INFO -- : Allowed commands are ["Salute", "Name", "Age"]
D, [2015-06-19T13:05:58.433310 #1328] DEBUG -- : Parsing command Name Tom
I, [2015-06-19T13:05:58.433310 #1328]  INFO -- : Allowed commands are ["Salute", "Name", "Age"]
D, [2015-06-19T13:05:58.433310 #1328] DEBUG -- : Parsing command Age 50
I, [2015-06-19T13:05:58.433310 #1328]  INFO -- : Allowed commands are ["Salute", "Name", "Age"]
D, [2015-06-19T13:05:58.433310 #1328] DEBUG -- : Parsing command Age 50
I, [2015-06-19T13:05:58.433310 #1328]  INFO -- : Allowed commands are ["Salute", "Name", "Age"]
D, [2015-06-19T13:05:58.433310 #1328] DEBUG -- : Parsing command Age 50
I, [2015-06-19T13:05:58.433310 #1328]  INFO -- : Allowed commands are ["Salute", "Name", "Age"]
D, [2015-06-19T13:05:58.433310 #1328] DEBUG -- : Parsing command Age 50
I, [2015-06-19T13:05:58.433310 #1328]  INFO -- : Allowed commands are ["Salute", "Name", "Age"]
D, [2015-06-19T13:05:58.433310 #1328] DEBUG -- : Parsing command Age 50
I, [2015-06-19T13:05:58.433310 #1328]  INFO -- : Allowed commands are ["Salute", "Name", "Age"]
D, [2015-06-19T13:05:58.433310 #1328] DEBUG -- : Parsing command Salute Hi
W, [2015-06-19T13:05:58.433310 #1328]  WARN -- : Parsing failed. Invalid Salute Hi
I, [2015-06-19T13:05:58.433310 #1328]  INFO -- : Allowed commands are ["Salute", "Name", "Age"]
D, [2015-06-19T13:05:58.433310 #1328] DEBUG -- : Parsing command Salute Hi
W, [2015-06-19T13:05:58.433310 #1328]  WARN -- : Parsing failed. Invalid Salute Hi
I, [2015-06-19T13:05:58.448910 #1328]  INFO -- : Allowed commands are ["PLACE", "MOVE", "LEFT", "RIGHT", "REPORT"]
I, [2015-06-19T13:05:58.448910 #1328]  INFO -- : Table boundaries are 5,5
I, [2015-06-19T13:05:58.448910 #1328]  INFO -- : Toy Robot created successfully.
I, [2015-06-19T13:05:58.448910 #1328]  INFO -- : Simulator created successfully.
I, [2015-06-19T13:05:58.448910 #1328]  INFO -- : Allowed commands are ["PLACE", "MOVE", "LEFT", "RIGHT", "REPORT"]
I, [2015-06-19T13:05:58.448910 #1328]  INFO -- : Table boundaries are 5,5
I, [2015-06-19T13:05:58.448910 #1328]  INFO -- : Toy Robot created successfully.
I, [2015-06-19T13:05:58.448910 #1328]  INFO -- : Simulator created successfully.
I, [2015-06-19T13:05:58.448910 #1328]  INFO -- : Allowed commands are ["PLACE", "MOVE", "LEFT", "RIGHT", "REPORT"]
I, [2015-06-19T13:05:58.448910 #1328]  INFO -- : Table boundaries are 5,5
I, [2015-06-19T13:05:58.448910 #1328]  INFO -- : Toy Robot created successfully.
I, [2015-06-19T13:05:58.448910 #1328]  INFO -- : Simulator created successfully.
D, [2015-06-19T13:05:58.448910 #1328] DEBUG -- : Ignored step towards NORTH
I, [2015-06-19T13:05:58.448910 #1328]  INFO -- : Allowed commands are ["PLACE", "MOVE", "LEFT", "RIGHT", "REPORT"]
I, [2015-06-19T13:05:58.448910 #1328]  INFO -- : Table boundaries are 5,5
I, [2015-06-19T13:05:58.448910 #1328]  INFO -- : Toy Robot created successfully.
I, [2015-06-19T13:05:58.448910 #1328]  INFO -- : Simulator created successfully.
I, [2015-06-19T13:05:58.448910 #1328]  INFO -- : Allowed commands are ["PLACE", "MOVE", "LEFT", "RIGHT", "REPORT"]
I, [2015-06-19T13:05:58.448910 #1328]  INFO -- : Table boundaries are 5,5
I, [2015-06-19T13:05:58.448910 #1328]  INFO -- : Toy Robot created successfully.
I, [2015-06-19T13:05:58.448910 #1328]  INFO -- : Simulator created successfully.
I, [2015-06-19T13:05:58.448910 #1328]  INFO -- : Allowed commands are ["PLACE", "MOVE", "LEFT", "RIGHT", "REPORT"]
I, [2015-06-19T13:05:58.448910 #1328]  INFO -- : Table boundaries are 5,5
I, [2015-06-19T13:05:58.448910 #1328]  INFO -- : Toy Robot created successfully.
I, [2015-06-19T13:05:58.448910 #1328]  INFO -- : Simulator created successfully.
I, [2015-06-19T13:05:58.448910 #1328]  INFO -- : Allowed commands are ["PLACE", "MOVE", "LEFT", "RIGHT", "REPORT"]
I, [2015-06-19T13:05:58.448910 #1328]  INFO -- : Table boundaries are 5,5
I, [2015-06-19T13:05:58.448910 #1328]  INFO -- : Toy Robot created successfully.
I, [2015-06-19T13:05:58.448910 #1328]  INFO -- : Simulator created successfully.
I, [2015-06-19T13:05:58.448910 #1328]  INFO -- : Allowed commands are ["PLACE", "MOVE", "LEFT", "RIGHT", "REPORT"]
I, [2015-06-19T13:05:58.448910 #1328]  INFO -- : Table boundaries are 5,5
I, [2015-06-19T13:05:58.448910 #1328]  INFO -- : Toy Robot created successfully.
I, [2015-06-19T13:05:58.448910 #1328]  INFO -- : Simulator created successfully.
I, [2015-06-19T13:05:58.448910 #1328]  INFO -- : Allowed commands are ["PLACE", "MOVE", "LEFT", "RIGHT", "REPORT"]
I, [2015-06-19T13:05:58.448910 #1328]  INFO -- : Table boundaries are 5,5
I, [2015-06-19T13:05:58.448910 #1328]  INFO -- : Toy Robot created successfully.
I, [2015-06-19T13:05:58.448910 #1328]  INFO -- : Simulator created successfully.
I, [2015-06-19T13:05:58.448910 #1328]  INFO -- : Allowed commands are ["PLACE", "MOVE", "LEFT", "RIGHT", "REPORT"]
I, [2015-06-19T13:05:58.448910 #1328]  INFO -- : Table boundaries are 5,5
I, [2015-06-19T13:05:58.448910 #1328]  INFO -- : Toy Robot created successfully.
I, [2015-06-19T13:05:58.448910 #1328]  INFO -- : Simulator created successfully.
I, [2015-06-19T13:05:58.448910 #1328]  INFO -- : Allowed commands are ["PLACE", "MOVE", "LEFT", "RIGHT", "REPORT"]
I, [2015-06-19T13:05:58.448910 #1328]  INFO -- : Table boundaries are 5,5
I, [2015-06-19T13:05:58.448910 #1328]  INFO -- : Toy Robot created successfully.
I, [2015-06-19T13:05:58.448910 #1328]  INFO -- : Simulator created successfully.
I, [2015-06-19T13:05:58.448910 #1328]  INFO -- : Table boundaries are 5,5
I, [2015-06-19T13:05:58.448910 #1328]  INFO -- : Table boundaries are 5,5
I, [2015-06-19T13:05:58.448910 #1328]  INFO -- : Table boundaries are 5,5
I, [2015-06-19T13:05:58.448910 #1328]  INFO -- : Table boundaries are 5,5
I, [2015-06-19T13:05:58.448910 #1328]  INFO -- : Table boundaries are 5,5
I, [2015-06-19T13:05:58.448910 #1328]  INFO -- : Table boundaries are 5,5
I, [2015-06-19T13:05:58.448910 #1328]  INFO -- : Table boundaries are 5,5
I, [2015-06-19T13:05:58.448910 #1328]  INFO -- : Table boundaries are 5,5
I, [2015-06-19T13:05:58.448910 #1328]  INFO -- : Table boundaries are 5,5
I, [2015-06-19T13:06:05.146510 #6712]  INFO -- : Allowed commands are ["PLACE", "MOVE", "LEFT", "RIGHT", "REPORT"]
I, [2015-06-19T13:06:05.146510 #6712]  INFO -- : Table boundaries are 5,5
I, [2015-06-19T13:06:05.146510 #6712]  INFO -- : Toy Robot created successfully.
I, [2015-06-19T13:06:05.146510 #6712]  INFO -- : Simulator created successfully.
D, [2015-06-19T13:06:20.218110 #6712] DEBUG -- : Received command PLACE 0 0 NORTH

D, [2015-06-19T13:06:20.218110 #6712] DEBUG -- : Parsing command PLACE 0 0 NORTH

D, [2015-06-19T13:06:20.218110 #6712] DEBUG -- : place - args [0, 0, "NORTH"]
D, [2015-06-19T13:06:20.218110 #6712] DEBUG -- : Placed at X= 0 Y=0 Facing=NORTH
D, [2015-06-19T13:06:22.807710 #6712] DEBUG -- : Received command REPORT

D, [2015-06-19T13:06:22.807710 #6712] DEBUG -- : Parsing command REPORT

D, [2015-06-19T13:06:22.807710 #6712] DEBUG -- : report - args []
D, [2015-06-19T13:06:22.807710 #6712] DEBUG -- : Placed at X= 0 Y=0 Facing=NORTH
D, [2015-06-19T13:06:25.568910 #6712] DEBUG -- : Received command MOVE

D, [2015-06-19T13:06:25.568910 #6712] DEBUG -- : Parsing command MOVE

D, [2015-06-19T13:06:25.568910 #6712] DEBUG -- : move - args []
D, [2015-06-19T13:06:25.568910 #6712] DEBUG -- : Placed at X= 0 Y=1 Facing=NORTH
D, [2015-06-19T13:06:27.721710 #6712] DEBUG -- : Received command REPORT

D, [2015-06-19T13:06:27.721710 #6712] DEBUG -- : Parsing command REPORT

D, [2015-06-19T13:06:27.721710 #6712] DEBUG -- : report - args []
D, [2015-06-19T13:06:27.721710 #6712] DEBUG -- : Placed at X= 0 Y=1 Facing=NORTH
D, [2015-06-19T13:06:32.262310 #6712] DEBUG -- : Received command MOVE

D, [2015-06-19T13:06:32.262310 #6712] DEBUG -- : Parsing command MOVE

D, [2015-06-19T13:06:32.262310 #6712] DEBUG -- : move - args []
D, [2015-06-19T13:06:32.262310 #6712] DEBUG -- : Placed at X= 0 Y=2 Facing=NORTH
D, [2015-06-19T13:06:34.539910 #6712] DEBUG -- : Received command REPORT

D, [2015-06-19T13:06:34.539910 #6712] DEBUG -- : Parsing command REPORT

D, [2015-06-19T13:06:34.539910 #6712] DEBUG -- : report - args []
D, [2015-06-19T13:06:34.539910 #6712] DEBUG -- : Placed at X= 0 Y=2 Facing=NORTH
D, [2015-06-19T13:06:40.126710 #6712] DEBUG -- : Received command RIGHT

D, [2015-06-19T13:06:40.126710 #6712] DEBUG -- : Parsing command RIGHT

D, [2015-06-19T13:06:40.126710 #6712] DEBUG -- : right - args []
D, [2015-06-19T13:06:40.126710 #6712] DEBUG -- : Placed at X= 0 Y=2 Facing=EAST
D, [2015-06-19T13:06:41.702310 #6712] DEBUG -- : Received command MOVE

D, [2015-06-19T13:06:41.702310 #6712] DEBUG -- : Parsing command MOVE

D, [2015-06-19T13:06:41.702310 #6712] DEBUG -- : move - args []
D, [2015-06-19T13:06:41.702310 #6712] DEBUG -- : Placed at X= 1 Y=2 Facing=EAST
D, [2015-06-19T13:06:43.480710 #6712] DEBUG -- : Received command REPORT

D, [2015-06-19T13:06:43.480710 #6712] DEBUG -- : Parsing command REPORT

D, [2015-06-19T13:06:43.480710 #6712] DEBUG -- : report - args []
D, [2015-06-19T13:06:43.480710 #6712] DEBUG -- : Placed at X= 1 Y=2 Facing=EAST
D, [2015-06-19T13:06:48.037910 #6712] DEBUG -- : Received command MOVE

D, [2015-06-19T13:06:48.037910 #6712] DEBUG -- : Parsing command MOVE

D, [2015-06-19T13:06:48.037910 #6712] DEBUG -- : move - args []
D, [2015-06-19T13:06:48.037910 #6712] DEBUG -- : Placed at X= 2 Y=2 Facing=EAST
D, [2015-06-19T13:06:49.909910 #6712] DEBUG -- : Received command REPORT

D, [2015-06-19T13:06:49.909910 #6712] DEBUG -- : Parsing command REPORT

D, [2015-06-19T13:06:49.909910 #6712] DEBUG -- : report - args []
D, [2015-06-19T13:06:49.909910 #6712] DEBUG -- : Placed at X= 2 Y=2 Facing=EAST
D, [2015-06-19T13:06:52.110510 #6712] DEBUG -- : Received command MOVE

D, [2015-06-19T13:06:52.110510 #6712] DEBUG -- : Parsing command MOVE

D, [2015-06-19T13:06:52.110510 #6712] DEBUG -- : move - args []
D, [2015-06-19T13:06:52.110510 #6712] DEBUG -- : Placed at X= 3 Y=2 Facing=EAST
D, [2015-06-19T13:06:53.810910 #6712] DEBUG -- : Received command MOVE

D, [2015-06-19T13:06:53.810910 #6712] DEBUG -- : Parsing command MOVE

D, [2015-06-19T13:06:53.810910 #6712] DEBUG -- : move - args []
D, [2015-06-19T13:06:53.810910 #6712] DEBUG -- : Placed at X= 4 Y=2 Facing=EAST
D, [2015-06-19T13:06:55.325110 #6712] DEBUG -- : Received command REPORT

D, [2015-06-19T13:06:55.325110 #6712] DEBUG -- : Parsing command REPORT

D, [2015-06-19T13:06:55.325110 #6712] DEBUG -- : report - args []
D, [2015-06-19T13:06:55.325110 #6712] DEBUG -- : Placed at X= 4 Y=2 Facing=EAST
D, [2015-06-19T13:06:57.353110 #6712] DEBUG -- : Received command MOVE

D, [2015-06-19T13:06:57.353110 #6712] DEBUG -- : Parsing command MOVE

D, [2015-06-19T13:06:57.353110 #6712] DEBUG -- : move - args []
D, [2015-06-19T13:06:57.368710 #6712] DEBUG -- : Ignored step towards EAST
D, [2015-06-19T13:06:57.368710 #6712] DEBUG -- : Placed at X= 4 Y=2 Facing=EAST
D, [2015-06-19T13:06:58.850710 #6712] DEBUG -- : Received command REPORT

D, [2015-06-19T13:06:58.850710 #6712] DEBUG -- : Parsing command REPORT

D, [2015-06-19T13:06:58.850710 #6712] DEBUG -- : report - args []
D, [2015-06-19T13:06:58.850710 #6712] DEBUG -- : Placed at X= 4 Y=2 Facing=EAST
D, [2015-06-19T13:07:08.008910 #6712] DEBUG -- : Received command LEFT

D, [2015-06-19T13:07:08.008910 #6712] DEBUG -- : Parsing command LEFT

D, [2015-06-19T13:07:08.008910 #6712] DEBUG -- : left - args []
D, [2015-06-19T13:07:08.008910 #6712] DEBUG -- : Placed at X= 4 Y=2 Facing=NORTH
D, [2015-06-19T13:07:09.522110 #6712] DEBUG -- : Received command LEFT

D, [2015-06-19T13:07:09.522110 #6712] DEBUG -- : Parsing command LEFT

D, [2015-06-19T13:07:09.522110 #6712] DEBUG -- : left - args []
D, [2015-06-19T13:07:09.522110 #6712] DEBUG -- : Placed at X= 4 Y=2 Facing=WEST
D, [2015-06-19T13:07:11.066510 #6712] DEBUG -- : Received command REPORT

D, [2015-06-19T13:07:11.066510 #6712] DEBUG -- : Parsing command REPORT

D, [2015-06-19T13:07:11.066510 #6712] DEBUG -- : report - args []
D, [2015-06-19T13:07:11.066510 #6712] DEBUG -- : Placed at X= 4 Y=2 Facing=WEST
D, [2015-06-19T13:07:13.252510 #6712] DEBUG -- : Received command MOVE

D, [2015-06-19T13:07:13.252510 #6712] DEBUG -- : Parsing command MOVE

D, [2015-06-19T13:07:13.252510 #6712] DEBUG -- : move - args []
D, [2015-06-19T13:07:13.252510 #6712] DEBUG -- : Placed at X= 3 Y=2 Facing=WEST
D, [2015-06-19T13:07:15.498910 #6712] DEBUG -- : Received command MOVE

D, [2015-06-19T13:07:15.498910 #6712] DEBUG -- : Parsing command MOVE

D, [2015-06-19T13:07:15.498910 #6712] DEBUG -- : move - args []
D, [2015-06-19T13:07:15.498910 #6712] DEBUG -- : Placed at X= 2 Y=2 Facing=WEST
D, [2015-06-19T13:07:17.622510 #6712] DEBUG -- : Received command REPORT

D, [2015-06-19T13:07:17.622510 #6712] DEBUG -- : Parsing command REPORT

D, [2015-06-19T13:07:17.622510 #6712] DEBUG -- : report - args []
D, [2015-06-19T13:07:17.622510 #6712] DEBUG -- : Placed at X= 2 Y=2 Facing=WEST
D, [2015-06-19T13:07:23.553510 #6712] DEBUG -- : Received command MOVE

D, [2015-06-19T13:07:23.553510 #6712] DEBUG -- : Parsing command MOVE

D, [2015-06-19T13:07:23.553510 #6712] DEBUG -- : move - args []
D, [2015-06-19T13:07:23.553510 #6712] DEBUG -- : Placed at X= 1 Y=2 Facing=WEST
D, [2015-06-19T13:07:25.019910 #6712] DEBUG -- : Received command MOVE

D, [2015-06-19T13:07:25.019910 #6712] DEBUG -- : Parsing command MOVE

D, [2015-06-19T13:07:25.019910 #6712] DEBUG -- : move - args []
D, [2015-06-19T13:07:25.019910 #6712] DEBUG -- : Placed at X= 0 Y=2 Facing=WEST
D, [2015-06-19T13:07:26.878310 #6712] DEBUG -- : Received command REPORT

D, [2015-06-19T13:07:26.878310 #6712] DEBUG -- : Parsing command REPORT

D, [2015-06-19T13:07:26.878310 #6712] DEBUG -- : report - args []
D, [2015-06-19T13:07:26.878310 #6712] DEBUG -- : Placed at X= 0 Y=2 Facing=WEST
D, [2015-06-19T13:07:28.765910 #6712] DEBUG -- : Received command MOVE

D, [2015-06-19T13:07:28.765910 #6712] DEBUG -- : Parsing command MOVE

D, [2015-06-19T13:07:28.765910 #6712] DEBUG -- : move - args []
D, [2015-06-19T13:07:28.765910 #6712] DEBUG -- : Ignored step towards WEST
D, [2015-06-19T13:07:28.765910 #6712] DEBUG -- : Placed at X= 0 Y=2 Facing=WEST
D, [2015-06-19T13:07:30.731510 #6712] DEBUG -- : Received command REPORT

D, [2015-06-19T13:07:30.731510 #6712] DEBUG -- : Parsing command REPORT

D, [2015-06-19T13:07:30.731510 #6712] DEBUG -- : report - args []
D, [2015-06-19T13:07:30.731510 #6712] DEBUG -- : Placed at X= 0 Y=2 Facing=WEST
